# JRE version: OpenJDK Runtime Environment (11.0.10) (build 11.0.10+0-b96-7281165)
# Java VM: OpenJDK 64-Bit Server VM (11.0.10+0-b96-7281165, mixed mode, tiered, compressed oops, g1 gc, bsd-amd64)
Heap:
 garbage-first heap   total 402432K, used 335291K [0x00000007e0000000, 0x0000000800000000)
  region size 1024K, 7 young (7168K), 3 survivors (3072K)
 Metaspace       used 174357K, capacity 180757K, committed 181632K, reserved 413696K
  class space    used 20843K, capacity 23160K, committed 23424K, reserved 253952K
GC Heap History (20 events):
Event: 601.704 GC heap before
{Heap before GC invocations=359 (full 0):
 garbage-first heap   total 402432K, used 356171K [0x00000007e0000000, 0x0000000800000000)
  region size 1024K, 28 young (28672K), 2 survivors (2048K)
 Metaspace       used 174347K, capacity 180685K, committed 181376K, reserved 413696K
  class space    used 20843K, capacity 23160K, committed 23424K, reserved 253952K
}
Event: 601.708 GC heap after
{Heap after GC invocations=360 (full 0):
 garbage-first heap   total 402432K, used 329823K [0x00000007e0000000, 0x0000000800000000)
  region size 1024K, 3 young (3072K), 3 survivors (3072K)
 Metaspace       used 174347K, capacity 180685K, committed 181376K, reserved 413696K
  class space    used 20843K, capacity 23160K, committed 23424K, reserved 253952K
}
Event: 601.757 GC heap before
{Heap before GC invocations=360 (full 0):
 garbage-first heap   total 402432K, used 356447K [0x00000007e0000000, 0x0000000800000000)
  region size 1024K, 29 young (29696K), 3 survivors (3072K)
 Metaspace       used 174347K, capacity 180685K, committed 181376K, reserved 413696K
  class space    used 20843K, capacity 23160K, committed 23424K, reserved 253952K
}
Event: 601.761 GC heap after
{Heap after GC invocations=361 (full 0):
 garbage-first heap   total 402432K, used 329837K [0x00000007e0000000, 0x0000000800000000)
  region size 1024K, 3 young (3072K), 3 survivors (3072K)
 Metaspace       used 174347K, capacity 180685K, committed 181376K, reserved 413696K
  class space    used 20843K, capacity 23160K, committed 23424K, reserved 253952K
}
Event: 601.820 GC heap before
{Heap before GC invocations=361 (full 0):
 garbage-first heap   total 402432K, used 356461K [0x00000007e0000000, 0x0000000800000000)
  region size 1024K, 29 young (29696K), 3 survivors (3072K)
 Metaspace       used 174347K, capacity 180685K, committed 181376K, reserved 413696K
  class space    used 20843K, capacity 23160K, committed 23424K, reserved 253952K
}
Event: 601.831 GC heap after
{Heap after GC invocations=362 (full 0):
 garbage-first heap   total 402432K, used 330130K [0x00000007e0000000, 0x0000000800000000)
  region size 1024K, 3 young (3072K), 3 survivors (3072K)
 Metaspace       used 174347K, capacity 180685K, committed 181376K, reserved 413696K
  class space    used 20843K, capacity 23160K, committed 23424K, reserved 253952K
}
Event: 601.883 GC heap before
{Heap before GC invocations=362 (full 0):
 garbage-first heap   total 402432K, used 356754K [0x00000007e0000000, 0x0000000800000000)
  region size 1024K, 29 young (29696K), 3 survivors (3072K)
 Metaspace       used 174347K, capacity 180685K, committed 181376K, reserved 413696K
  class space    used 20843K, capacity 23160K, committed 23424K, reserved 253952K
}
Event: 601.887 GC heap after
{Heap after GC invocations=363 (full 0):
 garbage-first heap   total 402432K, used 330743K [0x00000007e0000000, 0x0000000800000000)
  region size 1024K, 3 young (3072K), 3 survivors (3072K)
 Metaspace       used 174347K, capacity 180685K, committed 181376K, reserved 413696K
  class space    used 20843K, capacity 23160K, committed 23424K, reserved 253952K
}
Event: 601.942 GC heap before
{Heap before GC invocations=363 (full 0):
 garbage-first heap   total 402432K, used 357367K [0x00000007e0000000, 0x0000000800000000)
  region size 1024K, 29 young (29696K), 3 survivors (3072K)
 Metaspace       used 174347K, capacity 180685K, committed 181376K, reserved 413696K
  class space    used 20843K, capacity 23160K, committed 23424K, reserved 253952K
}
Event: 601.947 GC heap after
{Heap after GC invocations=364 (full 0):
 garbage-first heap   total 402432K, used 330598K [0x00000007e0000000, 0x0000000800000000)
  region size 1024K, 2 young (2048K), 2 survivors (2048K)
 Metaspace       used 174347K, capacity 180685K, committed 181376K, reserved 413696K
  class space    used 20843K, capacity 23160K, committed 23424K, reserved 253952K
}
Event: 602.003 GC heap before
{Heap before GC invocations=364 (full 0):
 garbage-first heap   total 402432K, used 357222K [0x00000007e0000000, 0x0000000800000000)
  region size 1024K, 28 young (28672K), 2 survivors (2048K)
 Metaspace       used 174347K, capacity 180685K, committed 181376K, reserved 413696K
  class space    used 20843K, capacity 23160K, committed 23424K, reserved 253952K
}
Event: 602.006 GC heap after
{Heap after GC invocations=365 (full 0):
 garbage-first heap   total 402432K, used 330909K [0x00000007e0000000, 0x0000000800000000)
  region size 1024K, 3 young (3072K), 3 survivors (3072K)
 Metaspace       used 174347K, capacity 180685K, committed 181376K, reserved 413696K
  class space    used 20843K, capacity 23160K, committed 23424K, reserved 253952K
}
Event: 602.053 GC heap before
{Heap before GC invocations=365 (full 0):
 garbage-first heap   total 402432K, used 355485K [0x00000007e0000000, 0x0000000800000000)
  region size 1024K, 28 young (28672K), 3 survivors (3072K)
 Metaspace       used 174347K, capacity 180685K, committed 181376K, reserved 413696K
  class space    used 20843K, capacity 23160K, committed 23424K, reserved 253952K
}
Event: 602.057 GC heap after
{Heap after GC invocations=366 (full 0):
 garbage-first heap   total 402432K, used 330819K [0x00000007e0000000, 0x0000000800000000)
  region size 1024K, 3 young (3072K), 3 survivors (3072K)
 Metaspace       used 174347K, capacity 180685K, committed 181376K, reserved 413696K
  class space    used 20843K, capacity 23160K, committed 23424K, reserved 253952K
}
Event: 602.106 GC heap before
{Heap before GC invocations=366 (full 0):
 garbage-first heap   total 402432K, used 355395K [0x00000007e0000000, 0x0000000800000000)
  region size 1024K, 28 young (28672K), 3 survivors (3072K)
 Metaspace       used 174347K, capacity 180685K, committed 181376K, reserved 413696K
  class space    used 20843K, capacity 23160K, committed 23424K, reserved 253952K
}
Event: 602.110 GC heap after
{Heap after GC invocations=367 (full 0):
 garbage-first heap   total 402432K, used 331131K [0x00000007e0000000, 0x0000000800000000)
  region size 1024K, 3 young (3072K), 3 survivors (3072K)
 Metaspace       used 174347K, capacity 180685K, committed 181376K, reserved 413696K
  class space    used 20843K, capacity 23160K, committed 23424K, reserved 253952K
}
Event: 602.159 GC heap before
{Heap before GC invocations=367 (full 0):
 garbage-first heap   total 402432K, used 355707K [0x00000007e0000000, 0x0000000800000000)
  region size 1024K, 28 young (28672K), 3 survivors (3072K)
 Metaspace       used 174347K, capacity 180685K, committed 181376K, reserved 413696K
  class space    used 20843K, capacity 23160K, committed 23424K, reserved 253952K
}
Event: 602.163 GC heap after
{Heap after GC invocations=368 (full 0):
 garbage-first heap   total 402432K, used 331348K [0x00000007e0000000, 0x0000000800000000)
  region size 1024K, 3 young (3072K), 3 survivors (3072K)
 Metaspace       used 174347K, capacity 180685K, committed 181376K, reserved 413696K
  class space    used 20843K, capacity 23160K, committed 23424K, reserved 253952K
}
Event: 602.218 GC heap before
{Heap before GC invocations=368 (full 0):
 garbage-first heap   total 402432K, used 356948K [0x00000007e0000000, 0x0000000800000000)
  region size 1024K, 28 young (28672K), 3 survivors (3072K)
 Metaspace       used 174357K, capacity 180757K, committed 181632K, reserved 413696K
  class space    used 20843K, capacity 23160K, committed 23424K, reserved 253952K
}
Event: 602.231 GC heap after
{Heap after GC invocations=369 (full 0):
 garbage-first heap   total 402432K, used 332219K [0x00000007e0000000, 0x0000000800000000)
  region size 1024K, 3 young (3072K), 3 survivors (3072K)
 Metaspace       used 174357K, capacity 180757K, committed 181632K, reserved 413696K
  class space    used 20843K, capacity 23160K, committed 23424K, reserved 253952K
}

