{"/Users/ranjith/Desktop/githubAction/meld-mobile-app/src/assets/Back.png": {"path":"/Users/ranjith/Desktop/githubAction/meld-mobile-app/src/assets/Back.png","statementMap":{"0":{"start":{"line":1,"column":0},"end":{"line":4,"column":6}}},"fnMap":{},"branchMap":{},"s":{"0":1},"f":{},"b":{},"inputSourceMap":null,"_coverageSchema":"1a1c01bbd47fc00a2c39e90264f33305004495a9","hash":"09624424a513f1c03d25e7e5bc34e910275f5571"}
,"/Users/ranjith/Desktop/githubAction/meld-mobile-app/src/assets/smShield.png": {"path":"/Users/ranjith/Desktop/githubAction/meld-mobile-app/src/assets/smShield.png","statementMap":{"0":{"start":{"line":1,"column":0},"end":{"line":4,"column":6}}},"fnMap":{},"branchMap":{},"s":{"0":1},"f":{},"b":{},"inputSourceMap":null,"_coverageSchema":"1a1c01bbd47fc00a2c39e90264f33305004495a9","hash":"20728396266d79c54934b2bc03d98d178fa0a209"}
,"/Users/ranjith/Desktop/githubAction/meld-mobile-app/src/assets/whiteRightArrow.png": {"path":"/Users/ranjith/Desktop/githubAction/meld-mobile-app/src/assets/whiteRightArrow.png","statementMap":{"0":{"start":{"line":1,"column":0},"end":{"line":4,"column":6}}},"fnMap":{},"branchMap":{},"s":{"0":1},"f":{},"b":{},"inputSourceMap":null,"_coverageSchema":"1a1c01bbd47fc00a2c39e90264f33305004495a9","hash":"d71795fdc8a2bdd76e61c3c6c4d3f846c997ad4a"}
,"/Users/ranjith/Desktop/githubAction/meld-mobile-app/src/assets/insightsShields/strength0.png": {"path":"/Users/ranjith/Desktop/githubAction/meld-mobile-app/src/assets/insightsShields/strength0.png","statementMap":{"0":{"start":{"line":1,"column":0},"end":{"line":4,"column":6}}},"fnMap":{},"branchMap":{},"s":{"0":1},"f":{},"b":{},"inputSourceMap":null,"_coverageSchema":"1a1c01bbd47fc00a2c39e90264f33305004495a9","hash":"2449d5369381907f4408222e5f7859d37b508eb3"}
,"/Users/ranjith/Desktop/githubAction/meld-mobile-app/src/components/Switch/index.js": {"path":"/Users/ranjith/Desktop/githubAction/meld-mobile-app/src/components/Switch/index.js","statementMap":{"0":{"start":{"line":5,"column":2},"end":{"line":12,"column":4}}},"fnMap":{"0":{"name":"CustomSwitch","decl":{"start":{"line":4,"column":9},"end":{"line":4,"column":21}},"loc":{"start":{"line":4,"column":37},"end":{"line":13,"column":1}},"line":4}},"branchMap":{},"s":{"0":0},"f":{"0":0},"b":{},"_coverageSchema":"1a1c01bbd47fc00a2c39e90264f33305004495a9","hash":"d8b78a1a3ab71b19473106ac43fa4c47616fadbc"}
,"/Users/ranjith/Desktop/githubAction/meld-mobile-app/src/components/common/Contants.js": {"path":"/Users/ranjith/Desktop/githubAction/meld-mobile-app/src/components/common/Contants.js","statementMap":{"0":{"start":{"line":1,"column":16},"end":{"line":1,"column":25}},"1":{"start":{"line":2,"column":36},"end":{"line":2,"column":65}},"2":{"start":{"line":3,"column":22},"end":{"line":3,"column":37}}},"fnMap":{},"branchMap":{},"s":{"0":1,"1":1,"2":1},"f":{},"b":{},"_coverageSchema":"1a1c01bbd47fc00a2c39e90264f33305004495a9","hash":"39ed98e63b7be54c413a442ea05f990914d4463a"}
,"/Users/ranjith/Desktop/githubAction/meld-mobile-app/src/components/common/LocalStorage.js": {"path":"/Users/ranjith/Desktop/githubAction/meld-mobile-app/src/components/common/LocalStorage.js","statementMap":{"0":{"start":{"line":5,"column":18},"end":{"line":12,"column":1}},"1":{"start":{"line":6,"column":2},"end":{"line":11,"column":3}},"2":{"start":{"line":7,"column":4},"end":{"line":7,"column":48}},"3":{"start":{"line":10,"column":4},"end":{"line":10,"column":74}},"4":{"start":{"line":14,"column":18},"end":{"line":24,"column":1}},"5":{"start":{"line":15,"column":2},"end":{"line":23,"column":3}},"6":{"start":{"line":16,"column":18},"end":{"line":16,"column":53}},"7":{"start":{"line":17,"column":4},"end":{"line":19,"column":5}},"8":{"start":{"line":18,"column":6},"end":{"line":18,"column":19}},"9":{"start":{"line":22,"column":4},"end":{"line":22,"column":73}},"10":{"start":{"line":26,"column":24},"end":{"line":33,"column":1}},"11":{"start":{"line":27,"column":2},"end":{"line":32,"column":3}},"12":{"start":{"line":28,"column":4},"end":{"line":28,"column":68}},"13":{"start":{"line":31,"column":4},"end":{"line":31,"column":74}},"14":{"start":{"line":35,"column":24},"end":{"line":47,"column":1}},"15":{"start":{"line":36,"column":2},"end":{"line":46,"column":3}},"16":{"start":{"line":37,"column":20},"end":{"line":37,"column":61}},"17":{"start":{"line":39,"column":18},"end":{"line":39,"column":37}},"18":{"start":{"line":40,"column":4},"end":{"line":42,"column":5}},"19":{"start":{"line":41,"column":6},"end":{"line":41,"column":19}},"20":{"start":{"line":45,"column":4},"end":{"line":45,"column":73}},"21":{"start":{"line":49,"column":32},"end":{"line":59,"column":1}},"22":{"start":{"line":50,"column":2},"end":{"line":58,"column":3}},"23":{"start":{"line":51,"column":4},"end":{"line":54,"column":6}},"24":{"start":{"line":57,"column":4},"end":{"line":57,"column":74}},"25":{"start":{"line":61,"column":32},"end":{"line":73,"column":1}},"26":{"start":{"line":62,"column":2},"end":{"line":72,"column":3}},"27":{"start":{"line":63,"column":18},"end":{"line":63,"column":73}},"28":{"start":{"line":64,"column":4},"end":{"line":68,"column":5}},"29":{"start":{"line":65,"column":6},"end":{"line":65,"column":45}},"30":{"start":{"line":67,"column":6},"end":{"line":67,"column":19}},"31":{"start":{"line":71,"column":4},"end":{"line":71,"column":73}},"32":{"start":{"line":75,"column":28},"end":{"line":82,"column":1}}},"fnMap":{"0":{"name":"(anonymous_0)","decl":{"start":{"line":5,"column":18},"end":{"line":5,"column":19}},"loc":{"start":{"line":5,"column":34},"end":{"line":12,"column":1}},"line":5},"1":{"name":"(anonymous_1)","decl":{"start":{"line":14,"column":18},"end":{"line":14,"column":19}},"loc":{"start":{"line":14,"column":30},"end":{"line":24,"column":1}},"line":14},"2":{"name":"(anonymous_2)","decl":{"start":{"line":26,"column":24},"end":{"line":26,"column":25}},"loc":{"start":{"line":26,"column":38},"end":{"line":33,"column":1}},"line":26},"3":{"name":"(anonymous_3)","decl":{"start":{"line":35,"column":24},"end":{"line":35,"column":25}},"loc":{"start":{"line":35,"column":36},"end":{"line":47,"column":1}},"line":35},"4":{"name":"(anonymous_4)","decl":{"start":{"line":49,"column":32},"end":{"line":49,"column":33}},"loc":{"start":{"line":49,"column":49},"end":{"line":59,"column":1}},"line":49},"5":{"name":"(anonymous_5)","decl":{"start":{"line":61,"column":32},"end":{"line":61,"column":33}},"loc":{"start":{"line":61,"column":44},"end":{"line":73,"column":1}},"line":61}},"branchMap":{"0":{"loc":{"start":{"line":17,"column":4},"end":{"line":19,"column":5}},"type":"if","locations":[{"start":{"line":17,"column":4},"end":{"line":19,"column":5}},{"start":{},"end":{}}],"line":17},"1":{"loc":{"start":{"line":40,"column":4},"end":{"line":42,"column":5}},"type":"if","locations":[{"start":{"line":40,"column":4},"end":{"line":42,"column":5}},{"start":{},"end":{}}],"line":40},"2":{"loc":{"start":{"line":53,"column":6},"end":{"line":53,"column":32}},"type":"cond-expr","locations":[{"start":{"line":53,"column":16},"end":{"line":53,"column":22}},{"start":{"line":53,"column":25},"end":{"line":53,"column":32}}],"line":53},"3":{"loc":{"start":{"line":64,"column":4},"end":{"line":68,"column":5}},"type":"if","locations":[{"start":{"line":64,"column":4},"end":{"line":68,"column":5}},{"start":{"line":66,"column":11},"end":{"line":68,"column":5}}],"line":64},"4":{"loc":{"start":{"line":65,"column":13},"end":{"line":65,"column":44}},"type":"cond-expr","locations":[{"start":{"line":65,"column":32},"end":{"line":65,"column":36}},{"start":{"line":65,"column":39},"end":{"line":65,"column":44}}],"line":65}},"s":{"0":1,"1":0,"2":0,"3":0,"4":1,"5":0,"6":0,"7":0,"8":0,"9":0,"10":1,"11":0,"12":0,"13":0,"14":1,"15":0,"16":0,"17":0,"18":0,"19":0,"20":0,"21":1,"22":0,"23":0,"24":0,"25":1,"26":0,"27":0,"28":0,"29":0,"30":0,"31":0,"32":1},"f":{"0":0,"1":0,"2":0,"3":0,"4":0,"5":0},"b":{"0":[0,0],"1":[0,0],"2":[0,0],"3":[0,0],"4":[0,0]},"_coverageSchema":"1a1c01bbd47fc00a2c39e90264f33305004495a9","hash":"9923777cab6fd47a57576fda861c401a5bbce18c"}
,"/Users/ranjith/Desktop/githubAction/meld-mobile-app/src/constant/message.ts": {"path":"/Users/ranjith/Desktop/githubAction/meld-mobile-app/src/constant/message.ts","statementMap":{"0":{"start":{"line":1,"column":35},"end":{"line":105,"column":1}}},"fnMap":{},"branchMap":{},"s":{"0":1},"f":{},"b":{},"_coverageSchema":"1a1c01bbd47fc00a2c39e90264f33305004495a9","hash":"db708826db651a90a1a3b27d7b8204f809fe4b17"}
,"/Users/ranjith/Desktop/githubAction/meld-mobile-app/src/modules/Insights/InsightsChart.js": {"path":"/Users/ranjith/Desktop/githubAction/meld-mobile-app/src/modules/Insights/InsightsChart.js","statementMap":{"0":{"start":{"line":21,"column":40},"end":{"line":21,"column":55}},"1":{"start":{"line":22,"column":48},"end":{"line":22,"column":58}},"2":{"start":{"line":23,"column":42},"end":{"line":23,"column":52}},"3":{"start":{"line":24,"column":46},"end":{"line":24,"column":60}},"4":{"start":{"line":26,"column":19},"end":{"line":28,"column":3}},"5":{"start":{"line":27,"column":10},"end":{"line":27,"column":60}},"6":{"start":{"line":30,"column":27},"end":{"line":33,"column":3}},"7":{"start":{"line":31,"column":19},"end":{"line":31,"column":55}},"8":{"start":{"line":32,"column":4},"end":{"line":32,"column":29}},"9":{"start":{"line":35,"column":23},"end":{"line":35,"column":51}},"10":{"start":{"line":35,"column":33},"end":{"line":35,"column":51}},"11":{"start":{"line":37,"column":2},"end":{"line":70,"column":24}},"12":{"start":{"line":38,"column":4},"end":{"line":69,"column":5}},"13":{"start":{"line":39,"column":6},"end":{"line":39,"column":25}},"14":{"start":{"line":42,"column":18},"end":{"line":42,"column":19}},"15":{"start":{"line":44,"column":6},"end":{"line":48,"column":9}},"16":{"start":{"line":45,"column":8},"end":{"line":47,"column":18}},"17":{"start":{"line":47,"column":10},"end":{"line":47,"column":18}},"18":{"start":{"line":50,"column":6},"end":{"line":67,"column":7}},"19":{"start":{"line":52,"column":10},"end":{"line":52,"column":70}},"20":{"start":{"line":53,"column":10},"end":{"line":53,"column":28}},"21":{"start":{"line":54,"column":10},"end":{"line":54,"column":16}},"22":{"start":{"line":56,"column":10},"end":{"line":56,"column":70}},"23":{"start":{"line":57,"column":10},"end":{"line":57,"column":28}},"24":{"start":{"line":58,"column":10},"end":{"line":58,"column":16}},"25":{"start":{"line":60,"column":10},"end":{"line":60,"column":70}},"26":{"start":{"line":61,"column":10},"end":{"line":61,"column":28}},"27":{"start":{"line":62,"column":10},"end":{"line":62,"column":16}},"28":{"start":{"line":64,"column":10},"end":{"line":64,"column":70}},"29":{"start":{"line":65,"column":10},"end":{"line":65,"column":28}},"30":{"start":{"line":66,"column":10},"end":{"line":66,"column":16}},"31":{"start":{"line":68,"column":6},"end":{"line":68,"column":29}},"32":{"start":{"line":72,"column":2},"end":{"line":141,"column":4}},"33":{"start":{"line":81,"column":18},"end":{"line":81,"column":31}},"34":{"start":{"line":116,"column":35},"end":{"line":116,"column":53}},"35":{"start":{"line":136,"column":30},"end":{"line":136,"column":49}},"36":{"start":{"line":146,"column":15},"end":{"line":209,"column":2}}},"fnMap":{"0":{"name":"InsightsChart","decl":{"start":{"line":20,"column":9},"end":{"line":20,"column":22}},"loc":{"start":{"line":20,"column":50},"end":{"line":142,"column":1}},"line":20},"1":{"name":"(anonymous_1)","decl":{"start":{"line":27,"column":4},"end":{"line":27,"column":5}},"loc":{"start":{"line":27,"column":10},"end":{"line":27,"column":60}},"line":27},"2":{"name":"(anonymous_2)","decl":{"start":{"line":30,"column":27},"end":{"line":30,"column":28}},"loc":{"start":{"line":30,"column":39},"end":{"line":33,"column":3}},"line":30},"3":{"name":"(anonymous_3)","decl":{"start":{"line":35,"column":23},"end":{"line":35,"column":24}},"loc":{"start":{"line":35,"column":33},"end":{"line":35,"column":51}},"line":35},"4":{"name":"(anonymous_4)","decl":{"start":{"line":37,"column":12},"end":{"line":37,"column":13}},"loc":{"start":{"line":37,"column":18},"end":{"line":70,"column":3}},"line":37},"5":{"name":"(anonymous_5)","decl":{"start":{"line":44,"column":45},"end":{"line":44,"column":46}},"loc":{"start":{"line":44,"column":52},"end":{"line":48,"column":7}},"line":44},"6":{"name":"(anonymous_6)","decl":{"start":{"line":80,"column":25},"end":{"line":80,"column":26}},"loc":{"start":{"line":80,"column":31},"end":{"line":82,"column":17}},"line":80},"7":{"name":"(anonymous_7)","decl":{"start":{"line":116,"column":29},"end":{"line":116,"column":30}},"loc":{"start":{"line":116,"column":35},"end":{"line":116,"column":53}},"line":116},"8":{"name":"(anonymous_8)","decl":{"start":{"line":136,"column":24},"end":{"line":136,"column":25}},"loc":{"start":{"line":136,"column":30},"end":{"line":136,"column":49}},"line":136}},"branchMap":{"0":{"loc":{"start":{"line":38,"column":4},"end":{"line":69,"column":5}},"type":"if","locations":[{"start":{"line":38,"column":4},"end":{"line":69,"column":5}},{"start":{"line":41,"column":9},"end":{"line":69,"column":5}}],"line":38},"1":{"loc":{"start":{"line":45,"column":8},"end":{"line":47,"column":18}},"type":"if","locations":[{"start":{"line":45,"column":8},"end":{"line":47,"column":18}},{"start":{},"end":{}}],"line":45},"2":{"loc":{"start":{"line":45,"column":12},"end":{"line":46,"column":83}},"type":"binary-expr","locations":[{"start":{"line":45,"column":12},"end":{"line":45,"column":54}},{"start":{"line":46,"column":10},"end":{"line":46,"column":83}}],"line":45},"3":{"loc":{"start":{"line":50,"column":6},"end":{"line":67,"column":7}},"type":"switch","locations":[{"start":{"line":51,"column":8},"end":{"line":54,"column":16}},{"start":{"line":55,"column":8},"end":{"line":58,"column":16}},{"start":{"line":59,"column":8},"end":{"line":62,"column":16}},{"start":{"line":63,"column":8},"end":{"line":66,"column":16}}],"line":50},"4":{"loc":{"start":{"line":75,"column":9},"end":{"line":130,"column":16}},"type":"cond-expr","locations":[{"start":{"line":76,"column":10},"end":{"line":129,"column":17}},{"start":{"line":130,"column":12},"end":{"line":130,"column":16}}],"line":75},"5":{"loc":{"start":{"line":96,"column":16},"end":{"line":96,"column":68}},"type":"binary-expr","locations":[{"start":{"line":96,"column":16},"end":{"line":96,"column":27}},{"start":{"line":96,"column":31},"end":{"line":96,"column":68}}],"line":96},"6":{"loc":{"start":{"line":107,"column":20},"end":{"line":107,"column":62}},"type":"binary-expr","locations":[{"start":{"line":107,"column":20},"end":{"line":107,"column":31}},{"start":{"line":107,"column":35},"end":{"line":107,"column":62}}],"line":107},"7":{"loc":{"start":{"line":132,"column":9},"end":{"line":138,"column":9}},"type":"binary-expr","locations":[{"start":{"line":132,"column":9},"end":{"line":132,"column":20}},{"start":{"line":133,"column":10},"end":{"line":137,"column":12}}],"line":132}},"s":{"0":12,"1":12,"2":12,"3":12,"4":12,"5":12,"6":12,"7":4,"8":4,"9":12,"10":36,"11":12,"12":8,"13":4,"14":4,"15":4,"16":12,"17":0,"18":4,"19":0,"20":0,"21":0,"22":0,"23":0,"24":0,"25":0,"26":0,"27":0,"28":4,"29":4,"30":4,"31":4,"32":12,"33":0,"34":0,"35":0,"36":1},"f":{"0":12,"1":12,"2":4,"3":36,"4":8,"5":12,"6":0,"7":0,"8":0},"b":{"0":[4,4],"1":[0,12],"2":[12,12],"3":[0,0,0,4],"4":[12,0],"5":[12,0],"6":[12,0],"7":[12,0]},"_coverageSchema":"1a1c01bbd47fc00a2c39e90264f33305004495a9","hash":"d010c0303f6ee7e401b481ab43efb81119a23910"}
,"/Users/ranjith/Desktop/githubAction/meld-mobile-app/src/modules/Insights/InsightsModel.js": {"path":"/Users/ranjith/Desktop/githubAction/meld-mobile-app/src/modules/Insights/InsightsModel.js","statementMap":{"0":{"start":{"line":16,"column":50},"end":{"line":20,"column":4}},"1":{"start":{"line":22,"column":2},"end":{"line":27,"column":9}},"2":{"start":{"line":23,"column":19},"end":{"line":25,"column":5}},"3":{"start":{"line":24,"column":12},"end":{"line":24,"column":72}},"4":{"start":{"line":26,"column":4},"end":{"line":26,"column":42}},"5":{"start":{"line":29,"column":2},"end":{"line":133,"column":4}},"6":{"start":{"line":138,"column":15},"end":{"line":220,"column":2}}},"fnMap":{"0":{"name":"InsightsModel","decl":{"start":{"line":15,"column":9},"end":{"line":15,"column":22}},"loc":{"start":{"line":15,"column":69},"end":{"line":134,"column":1}},"line":15},"1":{"name":"(anonymous_1)","decl":{"start":{"line":22,"column":12},"end":{"line":22,"column":13}},"loc":{"start":{"line":22,"column":18},"end":{"line":27,"column":3}},"line":22},"2":{"name":"(anonymous_2)","decl":{"start":{"line":24,"column":6},"end":{"line":24,"column":7}},"loc":{"start":{"line":24,"column":12},"end":{"line":24,"column":72}},"line":24}},"branchMap":{"0":{"loc":{"start":{"line":24,"column":12},"end":{"line":24,"column":72}},"type":"binary-expr","locations":[{"start":{"line":24,"column":12},"end":{"line":24,"column":66}},{"start":{"line":24,"column":70},"end":{"line":24,"column":72}}],"line":24}},"s":{"0":0,"1":0,"2":0,"3":0,"4":0,"5":0,"6":1},"f":{"0":0,"1":0,"2":0},"b":{"0":[0,0]},"_coverageSchema":"1a1c01bbd47fc00a2c39e90264f33305004495a9","hash":"58dcd700862ff7c5f23b42218a5235f4429f5710"}
,"/Users/ranjith/Desktop/githubAction/meld-mobile-app/src/modules/Insights/StrictList.js": {"path":"/Users/ranjith/Desktop/githubAction/meld-mobile-app/src/modules/Insights/StrictList.js","statementMap":{"0":{"start":{"line":15,"column":24},"end":{"line":44,"column":1}},"1":{"start":{"line":46,"column":19},"end":{"line":94,"column":1}},"2":{"start":{"line":47,"column":21},"end":{"line":83,"column":3}},"3":{"start":{"line":48,"column":4},"end":{"line":82,"column":11}},"4":{"start":{"line":85,"column":2},"end":{"line":93,"column":4}},"5":{"start":{"line":90,"column":30},"end":{"line":90,"column":37}},"6":{"start":{"line":96,"column":15},"end":{"line":182,"column":2}}},"fnMap":{"0":{"name":"(anonymous_0)","decl":{"start":{"line":46,"column":19},"end":{"line":46,"column":20}},"loc":{"start":{"line":46,"column":25},"end":{"line":94,"column":1}},"line":46},"1":{"name":"(anonymous_1)","decl":{"start":{"line":47,"column":21},"end":{"line":47,"column":22}},"loc":{"start":{"line":48,"column":4},"end":{"line":82,"column":11}},"line":48},"2":{"name":"(anonymous_2)","decl":{"start":{"line":90,"column":22},"end":{"line":90,"column":23}},"loc":{"start":{"line":90,"column":30},"end":{"line":90,"column":37}},"line":90}},"branchMap":{},"s":{"0":1,"1":1,"2":12,"3":36,"4":12,"5":36,"6":1},"f":{"0":12,"1":36,"2":36},"b":{},"_coverageSchema":"1a1c01bbd47fc00a2c39e90264f33305004495a9","hash":"9c3beb40aa5208a5bc6d1b7231c415657525b001"}
,"/Users/ranjith/Desktop/githubAction/meld-mobile-app/src/modules/Insights/riskMappings.ts": {"path":"/Users/ranjith/Desktop/githubAction/meld-mobile-app/src/modules/Insights/riskMappings.ts","statementMap":{"0":{"start":{"line":1,"column":39},"end":{"line":26,"column":1}}},"fnMap":{},"branchMap":{},"s":{"0":1},"f":{},"b":{},"_coverageSchema":"1a1c01bbd47fc00a2c39e90264f33305004495a9","hash":"2e8c6acb7bfb50330d8791d56743e7ad38d53903"}
,"/Users/ranjith/Desktop/githubAction/meld-mobile-app/src/styles/colors.ts": {"path":"/Users/ranjith/Desktop/githubAction/meld-mobile-app/src/styles/colors.ts","statementMap":{"0":{"start":{"line":1,"column":22},"end":{"line":41,"column":1}}},"fnMap":{},"branchMap":{},"s":{"0":1},"f":{},"b":{},"_coverageSchema":"1a1c01bbd47fc00a2c39e90264f33305004495a9","hash":"8e4e3bb1d239846ee4d86d2b8980f6965d0d8471"}
,"/Users/ranjith/Desktop/githubAction/meld-mobile-app/src/styles/commonStyles.ts": {"path":"/Users/ranjith/Desktop/githubAction/meld-mobile-app/src/styles/commonStyles.ts","statementMap":{"0":{"start":{"line":17,"column":28},"end":{"line":62,"column":2}}},"fnMap":{},"branchMap":{},"s":{"0":1},"f":{},"b":{},"_coverageSchema":"1a1c01bbd47fc00a2c39e90264f33305004495a9","hash":"02834dcc174bbf9dde914d75607f0cad9b209b1b"}
,"/Users/ranjith/Desktop/githubAction/meld-mobile-app/src/styles/fonts.ts": {"path":"/Users/ranjith/Desktop/githubAction/meld-mobile-app/src/styles/fonts.ts","statementMap":{"0":{"start":{"line":16,"column":21},"end":{"line":42,"column":1}}},"fnMap":{},"branchMap":{},"s":{"0":1},"f":{},"b":{},"_coverageSchema":"1a1c01bbd47fc00a2c39e90264f33305004495a9","hash":"55b9b86495734480f94858343c3bec579e74abba"}
,"/Users/ranjith/Desktop/githubAction/meld-mobile-app/src/styles/metrics.ts": {"path":"/Users/ranjith/Desktop/githubAction/meld-mobile-app/src/styles/metrics.ts","statementMap":{"0":{"start":{"line":3,"column":23},"end":{"line":34,"column":1}}},"fnMap":{},"branchMap":{},"s":{"0":1},"f":{},"b":{},"_coverageSchema":"1a1c01bbd47fc00a2c39e90264f33305004495a9","hash":"a994c420c9cb90dd9d9dd059a80313bb08a817b9"}
,"/Users/ranjith/Desktop/githubAction/meld-mobile-app/src/styles/scaleUnits.ts": {"path":"/Users/ranjith/Desktop/githubAction/meld-mobile-app/src/styles/scaleUnits.ts","statementMap":{"0":{"start":{"line":2,"column":26},"end":{"line":2,"column":50}},"1":{"start":{"line":4,"column":27},"end":{"line":4,"column":30}},"2":{"start":{"line":5,"column":28},"end":{"line":5,"column":31}},"3":{"start":{"line":7,"column":14},"end":{"line":7,"column":67}},"4":{"start":{"line":7,"column":32},"end":{"line":7,"column":67}},"5":{"start":{"line":8,"column":22},"end":{"line":8,"column":77}},"6":{"start":{"line":8,"column":40},"end":{"line":8,"column":77}},"7":{"start":{"line":9,"column":22},"end":{"line":10,"column":38}},"8":{"start":{"line":10,"column":2},"end":{"line":10,"column":38}}},"fnMap":{"0":{"name":"(anonymous_0)","decl":{"start":{"line":7,"column":14},"end":{"line":7,"column":15}},"loc":{"start":{"line":7,"column":32},"end":{"line":7,"column":67}},"line":7},"1":{"name":"(anonymous_1)","decl":{"start":{"line":8,"column":22},"end":{"line":8,"column":23}},"loc":{"start":{"line":8,"column":40},"end":{"line":8,"column":77}},"line":8},"2":{"name":"(anonymous_2)","decl":{"start":{"line":9,"column":22},"end":{"line":9,"column":23}},"loc":{"start":{"line":10,"column":2},"end":{"line":10,"column":38}},"line":10}},"branchMap":{"0":{"loc":{"start":{"line":9,"column":29},"end":{"line":9,"column":41}},"type":"default-arg","locations":[{"start":{"line":9,"column":38},"end":{"line":9,"column":41}}],"line":9}},"s":{"0":1,"1":1,"2":1,"3":1,"4":48,"5":1,"6":0,"7":1,"8":48},"f":{"0":48,"1":0,"2":48},"b":{"0":[48]},"_coverageSchema":"1a1c01bbd47fc00a2c39e90264f33305004495a9","hash":"001d0ba4d204157a6e521883484fe14127c6f0f4"}
,"/Users/ranjith/Desktop/githubAction/meld-mobile-app/src/styles/widthHeightToDP.ts": {"path":"/Users/ranjith/Desktop/githubAction/meld-mobile-app/src/styles/widthHeightToDP.ts","statementMap":{"0":{"start":{"line":3,"column":21},"end":{"line":3,"column":52}},"1":{"start":{"line":4,"column":20},"end":{"line":4,"column":50}},"2":{"start":{"line":6,"column":28},"end":{"line":10,"column":1}},"3":{"start":{"line":8,"column":4},"end":{"line":8,"column":78}},"4":{"start":{"line":9,"column":2},"end":{"line":9,"column":73}},"5":{"start":{"line":12,"column":29},"end":{"line":18,"column":1}},"6":{"start":{"line":14,"column":4},"end":{"line":16,"column":33}},"7":{"start":{"line":17,"column":2},"end":{"line":17,"column":75}}},"fnMap":{"0":{"name":"(anonymous_0)","decl":{"start":{"line":6,"column":28},"end":{"line":6,"column":29}},"loc":{"start":{"line":6,"column":54},"end":{"line":10,"column":1}},"line":6},"1":{"name":"(anonymous_1)","decl":{"start":{"line":12,"column":29},"end":{"line":12,"column":30}},"loc":{"start":{"line":12,"column":56},"end":{"line":18,"column":1}},"line":12}},"branchMap":{"0":{"loc":{"start":{"line":8,"column":4},"end":{"line":8,"column":78}},"type":"cond-expr","locations":[{"start":{"line":8,"column":39},"end":{"line":8,"column":51}},{"start":{"line":8,"column":54},"end":{"line":8,"column":78}}],"line":8},"1":{"loc":{"start":{"line":14,"column":4},"end":{"line":16,"column":33}},"type":"cond-expr","locations":[{"start":{"line":15,"column":8},"end":{"line":15,"column":21}},{"start":{"line":16,"column":8},"end":{"line":16,"column":33}}],"line":14}},"s":{"0":1,"1":1,"2":1,"3":2,"4":2,"5":1,"6":0,"7":0},"f":{"0":2,"1":0},"b":{"0":[2,0],"1":[0,0]},"_coverageSchema":"1a1c01bbd47fc00a2c39e90264f33305004495a9","hash":"0f1ed78832a7a300559d9aaf9f37b58adf9aaef3"}
}
