TN:
SF:src/assets/Back.png
FNF:0
FNH:0
DA:1,1
LF:1
LH:1
BRF:0
BRH:0
end_of_record
TN:
SF:src/assets/smShield.png
FNF:0
FNH:0
DA:1,1
LF:1
LH:1
BRF:0
BRH:0
end_of_record
TN:
SF:src/assets/whiteRightArrow.png
FNF:0
FNH:0
DA:1,1
LF:1
LH:1
BRF:0
BRH:0
end_of_record
TN:
SF:src/assets/insightsShields/strength0.png
FNF:0
FNH:0
DA:1,1
LF:1
LH:1
BRF:0
BRH:0
end_of_record
TN:
SF:src/components/Switch/index.js
FN:4,CustomSwitch
FNF:1
FNH:0
FNDA:0,CustomSwitch
DA:5,0
LF:1
LH:0
BRF:0
BRH:0
end_of_record
TN:
SF:src/components/common/Contants.js
FNF:0
FNH:0
DA:1,1
DA:2,1
DA:3,1
LF:3
LH:3
BRF:0
BRH:0
end_of_record
TN:
SF:src/components/common/LocalStorage.js
FN:5,(anonymous_0)
FN:14,(anonymous_1)
FN:26,(anonymous_2)
FN:35,(anonymous_3)
FN:49,(anonymous_4)
FN:61,(anonymous_5)
FNF:6
FNH:0
FNDA:0,(anonymous_0)
FNDA:0,(anonymous_1)
FNDA:0,(anonymous_2)
FNDA:0,(anonymous_3)
FNDA:0,(anonymous_4)
FNDA:0,(anonymous_5)
DA:5,1
DA:6,0
DA:7,0
DA:10,0
DA:14,1
DA:15,0
DA:16,0
DA:17,0
DA:18,0
DA:22,0
DA:26,1
DA:27,0
DA:28,0
DA:31,0
DA:35,1
DA:36,0
DA:37,0
DA:39,0
DA:40,0
DA:41,0
DA:45,0
DA:49,1
DA:50,0
DA:51,0
DA:57,0
DA:61,1
DA:62,0
DA:63,0
DA:64,0
DA:65,0
DA:67,0
DA:71,0
DA:75,1
LF:33
LH:7
BRDA:17,0,0,0
BRDA:17,0,1,0
BRDA:40,1,0,0
BRDA:40,1,1,0
BRDA:53,2,0,0
BRDA:53,2,1,0
BRDA:64,3,0,0
BRDA:64,3,1,0
BRDA:65,4,0,0
BRDA:65,4,1,0
BRF:10
BRH:0
end_of_record
TN:
SF:src/constant/message.ts
FNF:0
FNH:0
DA:1,1
LF:1
LH:1
BRF:0
BRH:0
end_of_record
TN:
SF:src/modules/Insights/InsightsChart.js
FN:20,InsightsChart
FN:27,(anonymous_1)
FN:30,(anonymous_2)
FN:35,(anonymous_3)
FN:37,(anonymous_4)
FN:44,(anonymous_5)
FN:80,(anonymous_6)
FN:116,(anonymous_7)
FN:136,(anonymous_8)
FNF:9
FNH:6
FNDA:12,InsightsChart
FNDA:12,(anonymous_1)
FNDA:4,(anonymous_2)
FNDA:36,(anonymous_3)
FNDA:8,(anonymous_4)
FNDA:12,(anonymous_5)
FNDA:0,(anonymous_6)
FNDA:0,(anonymous_7)
FNDA:0,(anonymous_8)
DA:21,12
DA:22,12
DA:23,12
DA:24,12
DA:26,12
DA:27,12
DA:30,12
DA:31,4
DA:32,4
DA:35,36
DA:37,12
DA:38,8
DA:39,4
DA:42,4
DA:44,4
DA:45,12
DA:47,0
DA:50,4
DA:52,0
DA:53,0
DA:54,0
DA:56,0
DA:57,0
DA:58,0
DA:60,0
DA:61,0
DA:62,0
DA:64,4
DA:65,4
DA:66,4
DA:68,4
DA:72,12
DA:81,0
DA:116,0
DA:136,0
DA:146,1
LF:36
LH:23
BRDA:38,0,0,4
BRDA:38,0,1,4
BRDA:45,1,0,0
BRDA:45,1,1,12
BRDA:45,2,0,12
BRDA:45,2,1,12
BRDA:50,3,0,0
BRDA:50,3,1,0
BRDA:50,3,2,0
BRDA:50,3,3,4
BRDA:75,4,0,12
BRDA:75,4,1,0
BRDA:96,5,0,12
BRDA:96,5,1,0
BRDA:107,6,0,12
BRDA:107,6,1,0
BRDA:132,7,0,12
BRDA:132,7,1,0
BRF:18
BRH:10
end_of_record
TN:
SF:src/modules/Insights/InsightsModel.js
FN:15,InsightsModel
FN:22,(anonymous_1)
FN:24,(anonymous_2)
FNF:3
FNH:0
FNDA:0,InsightsModel
FNDA:0,(anonymous_1)
FNDA:0,(anonymous_2)
DA:16,0
DA:22,0
DA:23,0
DA:24,0
DA:26,0
DA:29,0
DA:138,1
LF:7
LH:1
BRDA:24,0,0,0
BRDA:24,0,1,0
BRF:2
BRH:0
end_of_record
TN:
SF:src/modules/Insights/StrictList.js
FN:46,(anonymous_0)
FN:47,(anonymous_1)
FN:90,(anonymous_2)
FNF:3
FNH:3
FNDA:12,(anonymous_0)
FNDA:36,(anonymous_1)
FNDA:36,(anonymous_2)
DA:15,1
DA:46,1
DA:47,12
DA:48,36
DA:85,12
DA:90,36
DA:96,1
LF:7
LH:7
BRF:0
BRH:0
end_of_record
TN:
SF:src/modules/Insights/riskMappings.ts
FNF:0
FNH:0
DA:1,1
LF:1
LH:1
BRF:0
BRH:0
end_of_record
TN:
SF:src/styles/colors.ts
FNF:0
FNH:0
DA:1,1
LF:1
LH:1
BRF:0
BRH:0
end_of_record
TN:
SF:src/styles/commonStyles.ts
FNF:0
FNH:0
DA:17,1
LF:1
LH:1
BRF:0
BRH:0
end_of_record
TN:
SF:src/styles/fonts.ts
FNF:0
FNH:0
DA:16,1
LF:1
LH:1
BRF:0
BRH:0
end_of_record
TN:
SF:src/styles/metrics.ts
FNF:0
FNH:0
DA:3,1
LF:1
LH:1
BRF:0
BRH:0
end_of_record
TN:
SF:src/styles/scaleUnits.ts
FN:7,(anonymous_0)
FN:8,(anonymous_1)
FN:9,(anonymous_2)
FNF:3
FNH:2
FNDA:48,(anonymous_0)
FNDA:0,(anonymous_1)
FNDA:48,(anonymous_2)
DA:2,1
DA:4,1
DA:5,1
DA:7,48
DA:8,1
DA:9,1
DA:10,48
LF:7
LH:7
BRDA:9,0,0,48
BRF:1
BRH:1
end_of_record
TN:
SF:src/styles/widthHeightToDP.ts
FN:6,(anonymous_0)
FN:12,(anonymous_1)
FNF:2
FNH:1
FNDA:2,(anonymous_0)
FNDA:0,(anonymous_1)
DA:3,1
DA:4,1
DA:6,1
DA:8,2
DA:9,2
DA:12,1
DA:14,0
DA:17,0
LF:8
LH:6
BRDA:8,0,0,2
BRDA:8,0,1,0
BRDA:14,1,0,0
BRDA:14,1,1,0
BRF:4
BRH:1
end_of_record
